This is pdfTeX, Version 3.14159265-2.6-1.40.16 (TeX Live 2015) (preloaded format=pdflatex 2015.5.24)  1 DEC 2015 17:56
entering extended mode
 restricted \write18 enabled.
 %&-line parsing enabled.
**data_mining.tex
(./data_mining.tex
LaTeX2e <2015/01/01>
Babel <3.9l> and hyphenation patterns for 79 languages loaded.
(/usr/local/texlive/2015/texmf-dist/tex/latex/base/article.cls
Document Class: article 2014/09/29 v1.4h Standard LaTeX document class
(/usr/local/texlive/2015/texmf-dist/tex/latex/base/size10.clo
File: size10.clo 2014/09/29 v1.4h Standard LaTeX file (size option)
)
\c@part=\count79
\c@section=\count80
\c@subsection=\count81
\c@subsubsection=\count82
\c@paragraph=\count83
\c@subparagraph=\count84
\c@figure=\count85
\c@table=\count86
\abovecaptionskip=\skip41
\belowcaptionskip=\skip42
\bibindent=\dimen102
)
(./data_mining.aux)
\openout1 = `data_mining.aux'.

LaTeX Font Info:    Checking defaults for OML/cmm/m/it on input line 2.
LaTeX Font Info:    ... okay on input line 2.
LaTeX Font Info:    Checking defaults for T1/cmr/m/n on input line 2.
LaTeX Font Info:    ... okay on input line 2.
LaTeX Font Info:    Checking defaults for OT1/cmr/m/n on input line 2.
LaTeX Font Info:    ... okay on input line 2.
LaTeX Font Info:    Checking defaults for OMS/cmsy/m/n on input line 2.
LaTeX Font Info:    ... okay on input line 2.
LaTeX Font Info:    Checking defaults for OMX/cmex/m/n on input line 2.
LaTeX Font Info:    ... okay on input line 2.
LaTeX Font Info:    Checking defaults for U/cmr/m/n on input line 2.
LaTeX Font Info:    ... okay on input line 2.
LaTeX Font Info:    Try loading font information for OMS+cmr on input line 11.

(/usr/local/texlive/2015/texmf-dist/tex/latex/base/omscmr.fd
File: omscmr.fd 2014/09/29 v2.5h Standard LaTeX font definitions
)
LaTeX Font Info:    Font shape `OMS/cmr/m/n' in size <10> not available
(Font)              Font shape `OMS/cmsy/m/n' tried instead on input line 11.

Overfull \hbox (6.61177pt too wide) in paragraph at lines 16--17
\OT1/cmr/m/n/10 glom-er-ates, Con-sumer Goods, Fi-nan-cial, Health-care, In-dus
-trial Goods,
 []


Underfull \hbox (badness 10000) in paragraph at lines 22--23

 []

[1

{/usr/local/texlive/2015/texmf-var/fonts/map/pdftex/updmap/pdftex.map}]
Underfull \hbox (badness 10000) in paragraph at lines 33--34

 []

[2] (./data_mining.aux) ) 
Here is how much of TeX's memory you used:
 227 strings out of 493089
 2606 string characters out of 6134842
 57199 words of memory out of 5000000
 3792 multiletter control sequences out of 15000+600000
 5196 words of font info for 19 fonts, out of 8000000 for 9000
 1141 hyphenation exceptions out of 8191
 23i,4n,19p,372b,211s stack positions out of 5000i,500n,10000p,200000b,80000s
</usr/local/texlive/2015/texmf-dist/fonts/type1/public
/amsfonts/cm/cmbx12.pfb></usr/local/texlive/2015/texmf-dist/fonts/type1/public/
amsfonts/cm/cmr10.pfb></usr/local/texlive/2015/texmf-dist/fonts/type1/public/am
sfonts/cm/cmsy10.pfb></usr/local/texlive/2015/texmf-dist/fonts/type1/public/ams
fonts/cm/cmti10.pfb>
Output written on data_mining.pdf (2 pages, 52921 bytes).
PDF statistics:
 27 PDF objects out of 1000 (max. 8388607)
 18 compressed objects within 1 object stream
 0 named destinations out of 1000 (max. 500000)
 1 words of extra memory for PDF output out of 10000 (max. 10000000)

